<?xml version="1.0" encoding="UTF-8"?>
<testng-results skipped="0" failed="0" ignored="0" total="1" passed="1">
  <reporter-output>
  </reporter-output>
  <suite name="Default suite" duration-ms="229872" started-at="2019-12-30T23:58:42Z" finished-at="2019-12-31T00:02:32Z">
    <groups>
    </groups>
    <test name="Default test" duration-ms="229872" started-at="2019-12-30T23:58:42Z" finished-at="2019-12-31T00:02:32Z">
      <class name="digitalpoint.mobiledemo1.demo1">
        <test-method status="PASS" signature="beforesetup()[pri:0, instance:digitalpoint.mobiledemo1.demo1@2a5ca609]" name="beforesetup" is-config="true" duration-ms="226500" started-at="2019-12-30T23:58:42Z" finished-at="2019-12-31T00:02:29Z">
          <reporter-output>
          </reporter-output>
        </test-method> <!-- beforesetup -->
        <test-method status="PASS" signature="loginpage()[pri:0, instance:digitalpoint.mobiledemo1.demo1@2a5ca609]" name="loginpage" duration-ms="3355" started-at="2019-12-31T00:02:29Z" finished-at="2019-12-31T00:02:32Z">
          <reporter-output>
          </reporter-output>
        </test-method> <!-- loginpage -->
        <test-method status="PASS" signature="afterTest()[pri:0, instance:digitalpoint.mobiledemo1.demo1@2a5ca609]" name="afterTest" is-config="true" duration-ms="0" started-at="2019-12-31T00:02:32Z" finished-at="2019-12-31T00:02:32Z">
          <reporter-output>
          </reporter-output>
        </test-method> <!-- afterTest -->
      </class> <!-- digitalpoint.mobiledemo1.demo1 -->
    </test> <!-- Default test -->
  </suite> <!-- Default suite -->
</testng-results>
